#
# A fatal error has been detected by the Java Runtime Environment:
#
#  SIGSEGV (0xb) at pc=0x00007f1dc8ab89f6, pid=3428994, tid=139764533950208
#
# JRE version: Java(TM) SE Runtime Environment (8.0_51-b16) (build 1.8.0_51-b16)
# Java VM: Java HotSpot(TM) 64-Bit Server VM (25.51-b03 mixed mode linux-amd64 compressed oops)
# Problematic frame:
# C  [libc.so.6+0x499f6]
#
# Failed to write core dump. Core dumps have been disabled. To enable core dumping, try "ulimit -c unlimited" before starting Java again
#
# If you would like to submit a bug report, please visit:
#   http://bugreport.java.com/bugreport/crash.jsp
# The crash happened outside the Java Virtual Machine in native code.
# See problematic frame for where to report the bug.
#

---------------  T H R E A D  ---------------

Current thread (0x00007f1dc03bd000):  JavaThread "AWT-XAWT" daemon [_thread_in_native, id=3429012, stack(0x00007f1d7755f000,0x00007f1d77660000)]

siginfo: si_signo: 11 (SIGSEGV), si_code: 128 (SI_KERNEL), si_addr: 0x0000000000000000

Registers:
RAX=0x001062c750083010, RBX=0x00007f1dc8c5a718, RCX=0x0000000000000001, RDX=0x0000000000000001
RSP=0x00007f1d7765e5c0, RBP=0x0000000000000001, RSI=0x0000000000000001, RDI=0x00007f1d1fffb6e0
R8 =0x00007f1dc03bd000, R9 =0x00007f1d5000007f, R10=0x00007f1d8806f7a7, R11=0x00007f1dc8ab8bc0
R12=0x0000000000000000, R13=0x00000000000006ec, R14=0x00007f1dc8c5ffc8, R15=0x00007f1d50082030
RIP=0x00007f1dc8ab89f6, EFLAGS=0x0000000000010202, CSGSFS=0x002b000000000033, ERR=0x0000000000000000
  TRAPNO=0x000000000000000d

Top of Stack: (sp=0x00007f1d7765e5c0)
0x00007f1d7765e5c0:   0000000000000000 0000000100000000
0x00007f1d7765e5d0:   0000000000000000 00007f1dc5767488
0x00007f1d7765e5e0:   00007f1dc0345e70 0000000000000001
0x00007f1d7765e5f0:   0000000000000000 00007f1d7765e690
0x00007f1d7765e600:   00007f1dc03bd000 00007f1dc8ab8be0
0x00007f1d7765e610:   0000000000000000 00007f1d880a41ac
0x00007f1d7765e620:   00007f1dc0345e70 00007f1d880a185d
0x00007f1d7765e630:   00007f1dc0345e70 00007f1d880930e8
0x00007f1d7765e640:   00007f1d7765e6a0 0000000000000000
0x00007f1d7765e650:   00007f1d7765e6b8 00007f1db1787636
0x00007f1d7765e660:   00007f1d7765e6b0 00007f1db11244ec
0x00007f1d7765e670:   00000000fa585220 00000000fa585258
0x00007f1d7765e680:   0000000000000019 00000000e0a8f030
0x00007f1d7765e690:   00000000e0b8b370 00007f1db1007420
0x00007f1d7765e6a0:   00007f1d7765e710 00007f1db1007690
0x00007f1d7765e6b0:   00007f1db1007690 0000000000000001
0x00007f1d7765e6c0:   00007f1dc0345e70 00007f1db1007760
0x00007f1d7765e6d0:   00007f1d7765e6d0 00007f1dc575054f
0x00007f1d7765e6e0:   00007f1d7765e758 00007f1dc5759470
0x00007f1d7765e6f0:   0000000000000000 00007f1dc5750770
0x00007f1d7765e700:   00007f1d7765e6b8 00007f1d7765e750
0x00007f1d7765e710:   00007f1d7765e7a0 00007f1db1007c4d
0x00007f1d7765e720:   0000000000000000 00000000e17f5aa8
0x00007f1d7765e730:   0000000000000000 0000000000000000
0x00007f1d7765e740:   0000000000000000 00000000e0a6fef0
0x00007f1d7765e750:   0000000000000000 00000000e0960b58
0x00007f1d7765e760:   00007f1d7765e760 00007f1dc575047d
0x00007f1d7765e770:   00007f1d7765e7b0 00007f1dc5759470
0x00007f1d7765e780:   0000000000000000 00007f1dc5750488
0x00007f1d7765e790:   00007f1d7765e750 00007f1d7765e7b0
0x00007f1d7765e7a0:   00007f1d7765e7f8 00007f1db1007c92
0x00007f1d7765e7b0:   00000000e0960b58 00007f1d7765e7b8 

Instructions: (pc=0x00007f1dc8ab89f6)
0x00007f1dc8ab89d6:   4f 08 64 8b 04 25 18 00 00 00 85 c0 0f 85 a8 00
0x00007f1dc8ab89e6:   00 00 41 83 2e 01 4c 89 c8 48 c1 e0 05 4c 01 f8
0x00007f1dc8ab89f6:   48 8b 50 10 48 83 fa 03 74 30 48 83 fa 04 75 8a
0x00007f1dc8ab8a06:   48 8b 50 18 48 8b 78 20 48 c7 40 10 00 00 00 00 

Register to memory mapping:

RAX=0x001062c750083010 is an unknown value
RBX=0x00007f1dc8c5a718: <offset 0x1eb718> in /lib/x86_64-linux-gnu/libc.so.6 at 0x00007f1dc8a6f000
RCX=0x0000000000000001 is an unknown value
RDX=0x0000000000000001 is an unknown value
RSP=0x00007f1d7765e5c0 is pointing into the stack for thread: 0x00007f1dc03bd000
RBP=0x0000000000000001 is an unknown value
RSI=0x0000000000000001 is an unknown value
RDI=